<?xml version="1.0" encoding="UTF-8"?>
<testng-results skipped="2" failed="0" ignored="0" total="3" passed="1">
  <reporter-output>
  </reporter-output>
  <suite name="RegressionSuite" duration-ms="75676" started-at="2021-02-02T13:52:13Z" finished-at="2021-02-02T13:53:29Z">
    <groups>
    </groups>
    <test name="test1" duration-ms="75676" started-at="2021-02-02T13:52:13Z" finished-at="2021-02-02T13:53:29Z">
      <class name="suite.regression.UI.ShoppingOnAmazoneTC">
        <test-method status="PASS" signature="beforeSuite()[pri:0, instance:suite.regression.UI.ShoppingOnAmazoneTC@7f9a81e8]" name="beforeSuite" is-config="true" duration-ms="110" started-at="2021-02-02T13:52:13Z" finished-at="2021-02-02T13:52:13Z">
          <reporter-output>
          </reporter-output>
        </test-method> <!-- beforeSuite -->
        <test-method status="PASS" signature="beforeMethod(java.lang.reflect.Method)[pri:0, instance:suite.regression.UI.ShoppingOnAmazoneTC@7f9a81e8]" name="beforeMethod" is-config="true" duration-ms="5163" started-at="2021-02-02T13:52:13Z" finished-at="2021-02-02T13:52:19Z">
          <params>
            <param index="0">
              <value>
                <![CDATA[public void suite.regression.UI.ShoppingOnAmazoneTC.amazoneShoppingTCs()]]>
              </value>
            </param>
          </params>
          <reporter-output>
          </reporter-output>
        </test-method> <!-- beforeMethod -->
        <test-method status="SKIP" signature="amazoneShoppingTCs()[pri:0, instance:suite.regression.UI.ShoppingOnAmazoneTC@7f9a81e8]" name="amazoneShoppingTCs" duration-ms="8783" started-at="2021-02-02T13:52:19Z" description="Test Amazon shopping" finished-at="2021-02-02T13:52:27Z">
          <exception class="org.openqa.selenium.NoSuchElementException">
            <message>
              <![CDATA[no such element: Unable to locate element: {"method":"xpath","selector":"//a[normalize-space(text())='Discount - High to Low']"}
  (Session info: chrome=88.0.4324.96)
For documentation on this error, please visit: http://seleniumhq.org/exceptions/no_such_element.html
Build info: version: '3.13.0', revision: '2f0d292', time: '2018-06-25T15:24:21.231Z'
System info: host: 'Lois-MBP', ip: '2405:4803:c864:1200:167d:daff:fea4:61a8%en0', os.name: 'Mac OS X', os.arch: 'x86_64', os.version: '10.15.7', java.version: '1.8.0_281'
Driver info: org.openqa.selenium.chrome.ChromeDriver
Capabilities {acceptInsecureCerts: false, browserName: chrome, browserVersion: 88.0.4324.96, chrome: {chromedriverVersion: 88.0.4324.96 (68dba2d8a0b14..., userDataDir: /var/folders/_4/_z9fb7596ys...}, goog:chromeOptions: {debuggerAddress: localhost:62530}, javascriptEnabled: true, networkConnectionEnabled: false, pageLoadStrategy: normal, platform: MAC, platformName: MAC, proxy: Proxy(), setWindowRect: true, strictFileInteractability: false, timeouts: {implicit: 0, pageLoad: 300000, script: 30000}, unhandledPromptBehavior: dismiss and notify, webauthn:extension:largeBlob: true, webauthn:virtualAuthenticators: true}
Session ID: 5a57d937d08fb5ca31c114abc9175064
*** Element info: {Using=xpath, value=//a[normalize-space(text())='Discount - High to Low']}]]>
            </message>
            <full-stacktrace>
              <![CDATA[org.openqa.selenium.NoSuchElementException: no such element: Unable to locate element: {"method":"xpath","selector":"//a[normalize-space(text())='Discount - High to Low']"}
  (Session info: chrome=88.0.4324.96)
For documentation on this error, please visit: http://seleniumhq.org/exceptions/no_such_element.html
Build info: version: '3.13.0', revision: '2f0d292', time: '2018-06-25T15:24:21.231Z'
System info: host: 'Lois-MBP', ip: '2405:4803:c864:1200:167d:daff:fea4:61a8%en0', os.name: 'Mac OS X', os.arch: 'x86_64', os.version: '10.15.7', java.version: '1.8.0_281'
Driver info: org.openqa.selenium.chrome.ChromeDriver
Capabilities {acceptInsecureCerts: false, browserName: chrome, browserVersion: 88.0.4324.96, chrome: {chromedriverVersion: 88.0.4324.96 (68dba2d8a0b14..., userDataDir: /var/folders/_4/_z9fb7596ys...}, goog:chromeOptions: {debuggerAddress: localhost:62530}, javascriptEnabled: true, networkConnectionEnabled: false, pageLoadStrategy: normal, platform: MAC, platformName: MAC, proxy: Proxy(), setWindowRect: true, strictFileInteractability: false, timeouts: {implicit: 0, pageLoad: 300000, script: 30000}, unhandledPromptBehavior: dismiss and notify, webauthn:extension:largeBlob: true, webauthn:virtualAuthenticators: true}
Session ID: 5a57d937d08fb5ca31c114abc9175064
*** Element info: {Using=xpath, value=//a[normalize-space(text())='Discount - High to Low']}
at sun.reflect.NativeConstructorAccessorImpl.newInstance0(Native Method)
at sun.reflect.NativeConstructorAccessorImpl.newInstance(NativeConstructorAccessorImpl.java:62)
at sun.reflect.DelegatingConstructorAccessorImpl.newInstance(DelegatingConstructorAccessorImpl.java:45)
at java.lang.reflect.Constructor.newInstance(Constructor.java:423)
at org.openqa.selenium.remote.http.W3CHttpResponseCodec.createException(W3CHttpResponseCodec.java:187)
at org.openqa.selenium.remote.http.W3CHttpResponseCodec.decode(W3CHttpResponseCodec.java:122)
at org.openqa.selenium.remote.http.W3CHttpResponseCodec.decode(W3CHttpResponseCodec.java:49)
at org.openqa.selenium.remote.HttpCommandExecutor.execute(HttpCommandExecutor.java:158)
at org.openqa.selenium.remote.service.DriverCommandExecutor.execute(DriverCommandExecutor.java:83)
at org.openqa.selenium.remote.RemoteWebDriver.execute(RemoteWebDriver.java:548)
at org.openqa.selenium.remote.RemoteWebDriver.findElement(RemoteWebDriver.java:322)
at org.openqa.selenium.remote.RemoteWebDriver.findElementByXPath(RemoteWebDriver.java:424)
at org.openqa.selenium.By$ByXPath.findElement(By.java:353)
at org.openqa.selenium.remote.RemoteWebDriver.findElement(RemoteWebDriver.java:314)
at logic.pages.SearchPage.getHighToLowOption(SearchPage.java:22)
at logic.pages.SearchPage.selectHighToLowOption(SearchPage.java:27)
at suite.regression.UI.ShoppingOnAmazoneTC.amazoneShoppingTCs(ShoppingOnAmazoneTC.java:24)
at sun.reflect.NativeMethodAccessorImpl.invoke0(Native Method)
at sun.reflect.NativeMethodAccessorImpl.invoke(NativeMethodAccessorImpl.java:62)
at sun.reflect.DelegatingMethodAccessorImpl.invoke(DelegatingMethodAccessorImpl.java:43)
at java.lang.reflect.Method.invoke(Method.java:498)
at org.testng.internal.MethodInvocationHelper.invokeMethod(MethodInvocationHelper.java:124)
at org.testng.internal.Invoker.invokeMethod(Invoker.java:583)
at org.testng.internal.Invoker.invokeTestMethod(Invoker.java:719)
at org.testng.internal.Invoker.invokeTestMethods(Invoker.java:989)
at org.testng.internal.TestMethodWorker.invokeTestMethods(TestMethodWorker.java:125)
at org.testng.internal.TestMethodWorker.run(TestMethodWorker.java:109)
at java.util.concurrent.ThreadPoolExecutor.runWorker(ThreadPoolExecutor.java:1149)
at java.util.concurrent.ThreadPoolExecutor$Worker.run(ThreadPoolExecutor.java:624)
at java.lang.Thread.run(Thread.java:748)
]]>
            </full-stacktrace>
          </exception> <!-- org.openqa.selenium.NoSuchElementException -->
          <reporter-output>
          </reporter-output>
        </test-method> <!-- amazoneShoppingTCs -->
        <test-method status="PASS" signature="afterMethod(org.testng.ITestResult)[pri:0, instance:suite.regression.UI.ShoppingOnAmazoneTC@7f9a81e8]" name="afterMethod" is-config="true" duration-ms="157" started-at="2021-02-02T13:52:27Z" finished-at="2021-02-02T13:52:27Z">
          <params>
            <param index="0">
              <value>
                <![CDATA[[TestResult name=amazoneShoppingTCs status=SKIP method=ShoppingOnAmazoneTC.amazoneShoppingTCs()[pri:0, instance:suite.regression.UI.ShoppingOnAmazoneTC@7f9a81e8] output={null}]]]>
              </value>
            </param>
          </params>
          <reporter-output>
          </reporter-output>
        </test-method> <!-- afterMethod -->
        <test-method status="PASS" signature="beforeMethod(java.lang.reflect.Method)[pri:0, instance:suite.regression.UI.ShoppingOnAmazoneTC@7f9a81e8]" name="beforeMethod" is-config="true" duration-ms="6704" started-at="2021-02-02T13:52:27Z" finished-at="2021-02-02T13:52:34Z">
          <params>
            <param index="0">
              <value>
                <![CDATA[public void suite.regression.UI.ShoppingOnAmazoneTC.amazoneShoppingTCs()]]>
              </value>
            </param>
          </params>
          <reporter-output>
          </reporter-output>
        </test-method> <!-- beforeMethod -->
        <test-method status="SKIP" signature="amazoneShoppingTCs()[pri:0, instance:suite.regression.UI.ShoppingOnAmazoneTC@7f9a81e8]" name="amazoneShoppingTCs" duration-ms="9115" started-at="2021-02-02T13:52:34Z" description="Test Amazon shopping" finished-at="2021-02-02T13:52:43Z">
          <exception class="org.openqa.selenium.NoSuchElementException">
            <message>
              <![CDATA[no such element: Unable to locate element: {"method":"xpath","selector":"//a[normalize-space(text())='Discount - High to Low']"}
  (Session info: chrome=88.0.4324.96)
For documentation on this error, please visit: http://seleniumhq.org/exceptions/no_such_element.html
Build info: version: '3.13.0', revision: '2f0d292', time: '2018-06-25T15:24:21.231Z'
System info: host: 'Lois-MBP', ip: '2405:4803:c864:1200:167d:daff:fea4:61a8%en0', os.name: 'Mac OS X', os.arch: 'x86_64', os.version: '10.15.7', java.version: '1.8.0_281'
Driver info: org.openqa.selenium.chrome.ChromeDriver
Capabilities {acceptInsecureCerts: false, browserName: chrome, browserVersion: 88.0.4324.96, chrome: {chromedriverVersion: 88.0.4324.96 (68dba2d8a0b14..., userDataDir: /var/folders/_4/_z9fb7596ys...}, goog:chromeOptions: {debuggerAddress: localhost:62595}, javascriptEnabled: true, networkConnectionEnabled: false, pageLoadStrategy: normal, platform: MAC, platformName: MAC, proxy: Proxy(), setWindowRect: true, strictFileInteractability: false, timeouts: {implicit: 0, pageLoad: 300000, script: 30000}, unhandledPromptBehavior: dismiss and notify, webauthn:extension:largeBlob: true, webauthn:virtualAuthenticators: true}
Session ID: e36422299a1ac6b8cb2a04330fb46910
*** Element info: {Using=xpath, value=//a[normalize-space(text())='Discount - High to Low']}]]>
            </message>
            <full-stacktrace>
              <![CDATA[org.openqa.selenium.NoSuchElementException: no such element: Unable to locate element: {"method":"xpath","selector":"//a[normalize-space(text())='Discount - High to Low']"}
  (Session info: chrome=88.0.4324.96)
For documentation on this error, please visit: http://seleniumhq.org/exceptions/no_such_element.html
Build info: version: '3.13.0', revision: '2f0d292', time: '2018-06-25T15:24:21.231Z'
System info: host: 'Lois-MBP', ip: '2405:4803:c864:1200:167d:daff:fea4:61a8%en0', os.name: 'Mac OS X', os.arch: 'x86_64', os.version: '10.15.7', java.version: '1.8.0_281'
Driver info: org.openqa.selenium.chrome.ChromeDriver
Capabilities {acceptInsecureCerts: false, browserName: chrome, browserVersion: 88.0.4324.96, chrome: {chromedriverVersion: 88.0.4324.96 (68dba2d8a0b14..., userDataDir: /var/folders/_4/_z9fb7596ys...}, goog:chromeOptions: {debuggerAddress: localhost:62595}, javascriptEnabled: true, networkConnectionEnabled: false, pageLoadStrategy: normal, platform: MAC, platformName: MAC, proxy: Proxy(), setWindowRect: true, strictFileInteractability: false, timeouts: {implicit: 0, pageLoad: 300000, script: 30000}, unhandledPromptBehavior: dismiss and notify, webauthn:extension:largeBlob: true, webauthn:virtualAuthenticators: true}
Session ID: e36422299a1ac6b8cb2a04330fb46910
*** Element info: {Using=xpath, value=//a[normalize-space(text())='Discount - High to Low']}
at sun.reflect.NativeConstructorAccessorImpl.newInstance0(Native Method)
at sun.reflect.NativeConstructorAccessorImpl.newInstance(NativeConstructorAccessorImpl.java:62)
at sun.reflect.DelegatingConstructorAccessorImpl.newInstance(DelegatingConstructorAccessorImpl.java:45)
at java.lang.reflect.Constructor.newInstance(Constructor.java:423)
at org.openqa.selenium.remote.http.W3CHttpResponseCodec.createException(W3CHttpResponseCodec.java:187)
at org.openqa.selenium.remote.http.W3CHttpResponseCodec.decode(W3CHttpResponseCodec.java:122)
at org.openqa.selenium.remote.http.W3CHttpResponseCodec.decode(W3CHttpResponseCodec.java:49)
at org.openqa.selenium.remote.HttpCommandExecutor.execute(HttpCommandExecutor.java:158)
at org.openqa.selenium.remote.service.DriverCommandExecutor.execute(DriverCommandExecutor.java:83)
at org.openqa.selenium.remote.RemoteWebDriver.execute(RemoteWebDriver.java:548)
at org.openqa.selenium.remote.RemoteWebDriver.findElement(RemoteWebDriver.java:322)
at org.openqa.selenium.remote.RemoteWebDriver.findElementByXPath(RemoteWebDriver.java:424)
at org.openqa.selenium.By$ByXPath.findElement(By.java:353)
at org.openqa.selenium.remote.RemoteWebDriver.findElement(RemoteWebDriver.java:314)
at logic.pages.SearchPage.getHighToLowOption(SearchPage.java:22)
at logic.pages.SearchPage.selectHighToLowOption(SearchPage.java:27)
at suite.regression.UI.ShoppingOnAmazoneTC.amazoneShoppingTCs(ShoppingOnAmazoneTC.java:24)
at sun.reflect.NativeMethodAccessorImpl.invoke0(Native Method)
at sun.reflect.NativeMethodAccessorImpl.invoke(NativeMethodAccessorImpl.java:62)
at sun.reflect.DelegatingMethodAccessorImpl.invoke(DelegatingMethodAccessorImpl.java:43)
at java.lang.reflect.Method.invoke(Method.java:498)
at org.testng.internal.MethodInvocationHelper.invokeMethod(MethodInvocationHelper.java:124)
at org.testng.internal.Invoker.invokeMethod(Invoker.java:583)
at org.testng.internal.Invoker.retryFailed(Invoker.java:839)
at org.testng.internal.Invoker.invokeTestMethods(Invoker.java:1010)
at org.testng.internal.TestMethodWorker.invokeTestMethods(TestMethodWorker.java:125)
at org.testng.internal.TestMethodWorker.run(TestMethodWorker.java:109)
at java.util.concurrent.ThreadPoolExecutor.runWorker(ThreadPoolExecutor.java:1149)
at java.util.concurrent.ThreadPoolExecutor$Worker.run(ThreadPoolExecutor.java:624)
at java.lang.Thread.run(Thread.java:748)
]]>
            </full-stacktrace>
          </exception> <!-- org.openqa.selenium.NoSuchElementException -->
          <reporter-output>
          </reporter-output>
        </test-method> <!-- amazoneShoppingTCs -->
        <test-method status="PASS" signature="afterMethod(org.testng.ITestResult)[pri:0, instance:suite.regression.UI.ShoppingOnAmazoneTC@7f9a81e8]" name="afterMethod" is-config="true" duration-ms="181" started-at="2021-02-02T13:52:43Z" finished-at="2021-02-02T13:52:43Z">
          <params>
            <param index="0">
              <value>
                <![CDATA[[TestResult name=amazoneShoppingTCs status=SKIP method=ShoppingOnAmazoneTC.amazoneShoppingTCs()[pri:0, instance:suite.regression.UI.ShoppingOnAmazoneTC@7f9a81e8] output={null}]]]>
              </value>
            </param>
          </params>
          <reporter-output>
          </reporter-output>
        </test-method> <!-- afterMethod -->
        <test-method status="PASS" signature="beforeMethod(java.lang.reflect.Method)[pri:0, instance:suite.regression.UI.ShoppingOnAmazoneTC@7f9a81e8]" name="beforeMethod" is-config="true" duration-ms="3719" started-at="2021-02-02T13:52:43Z" finished-at="2021-02-02T13:52:47Z">
          <params>
            <param index="0">
              <value>
                <![CDATA[public void suite.regression.UI.ShoppingOnAmazoneTC.amazoneShoppingTCs()]]>
              </value>
            </param>
          </params>
          <reporter-output>
          </reporter-output>
        </test-method> <!-- beforeMethod -->
        <test-method status="PASS" signature="amazoneShoppingTCs()[pri:0, instance:suite.regression.UI.ShoppingOnAmazoneTC@7f9a81e8]" name="amazoneShoppingTCs" duration-ms="41244" started-at="2021-02-02T13:52:47Z" description="Test Amazon shopping" finished-at="2021-02-02T13:53:28Z">
          <reporter-output>
          </reporter-output>
        </test-method> <!-- amazoneShoppingTCs -->
        <test-method status="PASS" signature="afterMethod(org.testng.ITestResult)[pri:0, instance:suite.regression.UI.ShoppingOnAmazoneTC@7f9a81e8]" name="afterMethod" is-config="true" duration-ms="178" started-at="2021-02-02T13:53:28Z" finished-at="2021-02-02T13:53:29Z">
          <params>
            <param index="0">
              <value>
                <![CDATA[[TestResult name=amazoneShoppingTCs status=SUCCESS method=ShoppingOnAmazoneTC.amazoneShoppingTCs()[pri:0, instance:suite.regression.UI.ShoppingOnAmazoneTC@7f9a81e8] output={null}]]]>
              </value>
            </param>
          </params>
          <reporter-output>
          </reporter-output>
        </test-method> <!-- afterMethod -->
        <test-method status="PASS" signature="afterSuite()[pri:0, instance:suite.regression.UI.ShoppingOnAmazoneTC@7f9a81e8]" name="afterSuite" is-config="true" duration-ms="190" started-at="2021-02-02T13:53:29Z" finished-at="2021-02-02T13:53:29Z">
          <reporter-output>
          </reporter-output>
        </test-method> <!-- afterSuite -->
      </class> <!-- suite.regression.UI.ShoppingOnAmazoneTC -->
    </test> <!-- test1 -->
  </suite> <!-- RegressionSuite -->
</testng-results>
