<?xml version="1.0" encoding="UTF-8"?>
<testng-results skipped="0" failed="1" ignored="0" total="1" passed="0">
  <reporter-output>
  </reporter-output>
  <suite name="Default suite" duration-ms="22018" started-at="2019-08-02T04:20:28Z" finished-at="2019-08-02T04:20:50Z">
    <groups>
      <group name="SelfCare">
        <method signature="TC31887_Self_Care_Add_Family_Perk_Bundle_to_FC_tariff.TC31887_Self_Care_Add_Family_Perk_Bundle_to_FC_tariff()[pri:0, instance:suite.regression.selfcare.TC31887_Self_Care_Add_Family_Perk_Bundle_to_FC_tariff@6e06451e]" name="TC31887_Self_Care_Add_Family_Perk_Bundle_to_FC_tariff" class="suite.regression.selfcare.TC31887_Self_Care_Add_Family_Perk_Bundle_to_FC_tariff"/>
      </group> <!-- SelfCare -->
    </groups>
    <test name="Default test" duration-ms="22018" started-at="2019-08-02T04:20:28Z" finished-at="2019-08-02T04:20:50Z">
      <class name="suite.regression.selfcare.TC31887_Self_Care_Add_Family_Perk_Bundle_to_FC_tariff">
        <test-method status="PASS" signature="beforeSuite()[pri:0, instance:suite.regression.selfcare.TC31887_Self_Care_Add_Family_Perk_Bundle_to_FC_tariff@6e06451e]" name="beforeSuite" is-config="true" duration-ms="161" started-at="2019-08-02T04:20:27Z" finished-at="2019-08-02T04:20:28Z">
          <reporter-output>
          </reporter-output>
        </test-method> <!-- beforeSuite -->
        <test-method status="PASS" signature="beforeMethod(java.lang.reflect.Method)[pri:0, instance:suite.regression.selfcare.TC31887_Self_Care_Add_Family_Perk_Bundle_to_FC_tariff@6e06451e]" name="beforeMethod" is-config="true" duration-ms="5298" started-at="2019-08-02T04:20:28Z" finished-at="2019-08-02T04:20:33Z">
          <params>
            <param index="0">
              <value>
                <![CDATA[public void suite.regression.selfcare.TC31887_Self_Care_Add_Family_Perk_Bundle_to_FC_tariff.TC31887_Self_Care_Add_Family_Perk_Bundle_to_FC_tariff()]]>
              </value>
            </param>
          </params>
          <reporter-output>
          </reporter-output>
        </test-method> <!-- beforeMethod -->
        <test-method status="FAIL" signature="TC31887_Self_Care_Add_Family_Perk_Bundle_to_FC_tariff()[pri:0, instance:suite.regression.selfcare.TC31887_Self_Care_Add_Family_Perk_Bundle_to_FC_tariff@6e06451e]" name="TC31887_Self_Care_Add_Family_Perk_Bundle_to_FC_tariff" duration-ms="16050" started-at="2019-08-02T04:20:33Z" description="TC31887 Self Care Add Family Perk Bundle to FC tariff" finished-at="2019-08-02T04:20:49Z">
          <exception class="java.lang.AssertionError">
            <message>
              <![CDATA[expected [0] but found [1]]]>
            </message>
            <full-stacktrace>
              <![CDATA[java.lang.AssertionError: expected [0] but found [1]
at org.testng.Assert.fail(Assert.java:96)
at org.testng.Assert.failNotEquals(Assert.java:776)
at org.testng.Assert.assertEqualsImpl(Assert.java:137)
at org.testng.Assert.assertEquals(Assert.java:118)
at org.testng.Assert.assertEquals(Assert.java:652)
at org.testng.Assert.assertEquals(Assert.java:662)
at suite.regression.selfcare.TC31887_Self_Care_Add_Family_Perk_Bundle_to_FC_tariff.TC31887_Self_Care_Add_Family_Perk_Bundle_to_FC_tariff(TC31887_Self_Care_Add_Family_Perk_Bundle_to_FC_tariff.java:167)
at sun.reflect.NativeMethodAccessorImpl.invoke0(Native Method)
at sun.reflect.NativeMethodAccessorImpl.invoke(Unknown Source)
at sun.reflect.DelegatingMethodAccessorImpl.invoke(Unknown Source)
at java.lang.reflect.Method.invoke(Unknown Source)
at org.testng.internal.MethodInvocationHelper.invokeMethod(MethodInvocationHelper.java:124)
at org.testng.internal.Invoker.invokeMethod(Invoker.java:583)
at org.testng.internal.Invoker.invokeTestMethod(Invoker.java:719)
at org.testng.internal.Invoker.invokeTestMethods(Invoker.java:989)
at org.testng.internal.TestMethodWorker.invokeTestMethods(TestMethodWorker.java:125)
at org.testng.internal.TestMethodWorker.run(TestMethodWorker.java:109)
at org.testng.TestRunner.privateRun(TestRunner.java:648)
at org.testng.TestRunner.run(TestRunner.java:505)
at org.testng.SuiteRunner.runTest(SuiteRunner.java:455)
at org.testng.SuiteRunner.runSequentially(SuiteRunner.java:450)
at org.testng.SuiteRunner.privateRun(SuiteRunner.java:415)
at org.testng.SuiteRunner.run(SuiteRunner.java:364)
at org.testng.SuiteRunnerWorker.runSuite(SuiteRunnerWorker.java:52)
at org.testng.SuiteRunnerWorker.run(SuiteRunnerWorker.java:84)
at org.testng.TestNG.runSuitesSequentially(TestNG.java:1208)
at org.testng.TestNG.runSuitesLocally(TestNG.java:1137)
at org.testng.TestNG.runSuites(TestNG.java:1049)
at org.testng.TestNG.run(TestNG.java:1017)
at org.testng.remote.AbstractRemoteTestNG.run(AbstractRemoteTestNG.java:115)
at org.testng.remote.RemoteTestNG.initAndRun(RemoteTestNG.java:251)
at org.testng.remote.RemoteTestNG.main(RemoteTestNG.java:77)
]]>
            </full-stacktrace>
          </exception> <!-- java.lang.AssertionError -->
          <reporter-output>
          </reporter-output>
        </test-method> <!-- TC31887_Self_Care_Add_Family_Perk_Bundle_to_FC_tariff -->
        <test-method status="PASS" signature="afterMethod(org.testng.ITestResult)[pri:0, instance:suite.regression.selfcare.TC31887_Self_Care_Add_Family_Perk_Bundle_to_FC_tariff@6e06451e]" name="afterMethod" is-config="true" duration-ms="656" started-at="2019-08-02T04:20:49Z" finished-at="2019-08-02T04:20:50Z">
          <params>
            <param index="0">
              <value>
                <![CDATA[[TestResult name=TC31887_Self_Care_Add_Family_Perk_Bundle_to_FC_tariff status=FAILURE method=TC31887_Self_Care_Add_Family_Perk_Bundle_to_FC_tariff.TC31887_Self_Care_Add_Family_Perk_Bundle_to_FC_tariff()[pri:0, instance:suite.regression.selfcare.TC31887_Self_Care_Add_Family_Perk_Bundle_to_FC_tariff@6e06451e] output={null}]]]>
              </value>
            </param>
          </params>
          <reporter-output>
          </reporter-output>
        </test-method> <!-- afterMethod -->
        <test-method status="PASS" signature="afterSuite()[pri:0, instance:suite.regression.selfcare.TC31887_Self_Care_Add_Family_Perk_Bundle_to_FC_tariff@6e06451e]" name="afterSuite" is-config="true" duration-ms="208" started-at="2019-08-02T04:20:50Z" finished-at="2019-08-02T04:20:50Z">
          <reporter-output>
          </reporter-output>
        </test-method> <!-- afterSuite -->
      </class> <!-- suite.regression.selfcare.TC31887_Self_Care_Add_Family_Perk_Bundle_to_FC_tariff -->
    </test> <!-- Default test -->
  </suite> <!-- Default suite -->
</testng-results>
